 nr.     times     cpu time      cpu    wall clock      wc  level                          routine name
        called    in seconds      %     in seconds       %    2    3    4    5    6    7
    1          1  0.187500D+00  100.00  0.186000D+00  100.00                               integration_schemes                     
    2          1  0.000000D+00    0.00  0.999928D-03         0.54                          initialize_all_conditions               
    3          1  0.000000D+00    0.00  0.000000D+00              0.00                     initialize_fixed_conditions             
    4          1  0.000000D+00    0.00  0.000000D+00              0.00                     initialize_variables                    
    5          1  0.000000D+00    0.00  0.000000D+00              0.00                     initialize_output                       
    6          1  0.000000D+00    0.00  0.000000D+00              0.00                     chknmr                                  
    7          1  0.000000D+00    0.00  0.000000D+00              0.00                     initialize_time_dependent_variables     
    8          8  0.000000D+00    0.00  0.000000D+00                   0.00                dlwqt1                                  
    9          3  0.000000D+00    0.00  0.000000D+00                        0.00           dlwqt3                                  
   10          3  0.000000D+00    0.00  0.000000D+00                        0.00           dlwqt4                                  
   11          1  0.000000D+00    0.00  0.000000D+00                        0.00           dlwqib                                  
   12          1  0.000000D+00    0.00  0.000000D+00                        0.00           dlwqtb                                  
   13          8  0.000000D+00    0.00  0.000000D+00                             0.00      dlwmis                                  
   14          1  0.000000D+00    0.00  0.000000D+00                   0.00                dlwqta                                  
   15          1  0.000000D+00    0.00  0.000000D+00                        0.00           evaluate_data_block                     
   16          1  0.000000D+00    0.00  0.000000D+00                   0.00                dlwqtk                                  
   17          1  0.000000D+00    0.00  0.000000D+00              0.00                     delpar00                                
   18          1  0.000000D+00    0.00  0.200009D-02         1.08                          dlwqf5                                  
   19          1  0.187500D+00  100.00  0.183000D+00        98.39                          integration_scheme_15                   
   20        366  0.000000D+00    0.00  0.000000D+00              0.00                     hsurf                                   
   21        366  0.000000D+00    0.00  0.000000D+00              0.00                     set_dry_cells_to_zero_and_update_volumes
   22        366  0.000000D+00    0.00  0.000000D+00              0.00                     setset                                  
   23        366  0.000000D+00    0.00  0.000000D+00              0.00                     proces                                  
   24        366  0.000000D+00    0.00  0.000000D+00              0.00                     dlwq17                                  
   25        366  0.109375D+00   58.33  0.102000D+00             54.84                     write_output                            
   26       4392  0.000000D+00    0.00  0.399971D-02                   2.15                evaluate_timers                         
   27       2564  0.000000D+00    0.00  0.300002D-02                   1.61                update_base_grid_local_array            
   28       1465  0.000000D+00    0.00  0.199986D-02                   1.08                fill_output_buffer_sub_grid             
   29        366  0.156250D-01    8.33  0.899982D-02                   4.84                outmo3                                  
   30        366  0.000000D+00    0.00  0.000000D+00                        0.00           outmo2                                  
   31       1099  0.000000D+00    0.00  0.000000D+00                   0.00                fill_output_buffer_base_grid            
   32        366  0.000000D+00    0.00  0.200009D-02                   1.08                write_binary_map_output                 
   33        366  0.000000D+00    0.00  0.000000D+00                   0.00                write_netcdf_history_output             
   34        366  0.937500D-01   50.00  0.770004D-01                  41.40                write_netcdf_map_output                 
   35        366  0.000000D+00    0.00  0.000000D+00              0.00                     zercum                                  
   36        365  0.000000D+00    0.00  0.000000D+00              0.00                     dlwq18                                  
   37        365  0.000000D+00    0.00  0.000000D+00              0.00                     dlwq14                                  
   38        365  0.000000D+00    0.00  0.999928D-03              0.54                     dlwq41                                  
   39        365  0.000000D+00    0.00  0.999928D-03                   0.54                dlwqt1                                  
   40        365  0.000000D+00    0.00  0.000000D+00                        0.00           dlwqt3                                  
   41        365  0.000000D+00    0.00  0.999928D-03                        0.54           dlwqt4                                  
   42        365  0.000000D+00    0.00  0.000000D+00              0.00                     identify_wet_cells                      
   43        365  0.000000D+00    0.00  0.000000D+00              0.00                     dlwqf1                                  
   44        365  0.000000D+00    0.00  0.000000D+00              0.00                     dlwq15                                  
   45        365  0.000000D+00    0.00  0.000000D+00              0.00                     dlwqm7                                  
   46        365  0.781250D-01   41.67  0.659997D-01             35.48                     ADE solver                              
   47       2555  0.000000D+00    0.00  0.999928D-03                   0.54                dlwqm0                                  
   48       2555  0.000000D+00    0.00  0.199986D-02                   1.08                dlwqf3                                  
   49       2555  0.000000D+00    0.00  0.000000D+00                   0.00                dlwqf4                                  
   50       2555  0.781250D-01   41.67  0.609999D-01                  32.80                sgmres                                  
   51       8856  0.156250D-01    8.33  0.200002D-01                       10.75           psolve                                  
   52       8856  0.000000D+00    0.00  0.800037D-02                             4.30      lsolve                                  
   53       8856  0.000000D+00    0.00  0.199986D-02                             1.08      usolve                                  
   54       8126  0.000000D+00    0.00  0.200009D-02                        1.08           matvec                                  
   56       3746  0.156250D-01    8.33  0.000000D+00                        0.00           basis                                   
   57       3746  0.000000D+00    0.00  0.000000D+00                        0.00           srotg                                   
   58       9515  0.000000D+00    0.00  0.199986D-02                        1.08           apply_plane_rotation                    
   59       1825  0.312500D-01   16.67  0.250001D-01                       13.44           updats                                  
   60       1825  0.312500D-01   16.67  0.160003D-01                             8.60      strsv                                   
   61      18250  0.156250D-01    8.33  0.899959D-02                                  4.84 lsame                                   
   62       1825  0.000000D+00    0.00  0.599980D-02                             3.23      sgemv                                   
   63       9125  0.000000D+00    0.00  0.399995D-02                                  2.15 lsame                                   
   55       2555  0.000000D+00    0.00  0.999928D-03                   0.54                dlwqf7                                  
   64        365  0.000000D+00    0.00  0.000000D+00              0.00                     dlwqb4                                  
   65        365  0.000000D+00    0.00  0.900030D-02              4.84                     initialize_time_dependent_variables     
   66       1095  0.000000D+00    0.00  0.800037D-02                   4.30                dlwqt1                                  
   67        730  0.000000D+00    0.00  0.100017D-02                        0.54           dlwqt3                                  
   68        730  0.000000D+00    0.00  0.200033D-02                        1.08           dlwqt4                                  
   69        365  0.000000D+00    0.00  0.199986D-02                        1.08           dlwqtb                                  
   70       2920  0.000000D+00    0.00  0.999928D-03                             0.54      dlwmis                                  
   71        365  0.000000D+00    0.00  0.999928D-03                   0.54                dlwqta                                  
   72        365  0.000000D+00    0.00  0.000000D+00                   0.00                dlwqtk                                  
   73          1  0.000000D+00    0.00  0.999928D-03              0.54                     write_restart_map_file                  
