
  ==> REAL arrays in 4-byte words <==
  nr array name            array size

   1 VOLUME                         4
   2 AREA                          21
   3 FLOW                          21
   4 LENG                           3
   5 DISP                           3
   6 CONC                          28
   7 MASS                         147
   8 DERIV                         28
   9 BOUND                        119
  10 BSET                         119
  11 BSAVE                        119
  12 WASTE                          0
  13 CONS                           1
  14 PARAM                          0
  15 FUNC                           0
  16 SFUNC                          0
  17 DISPNW                         0
  18 DISPER                         0
  19 VELONW                         0
  20 VELO                           0
  21 HARMAT                         0
  22 FARR                          93
  23 MASS2                         35
  24 TIMER                         25
  25 VOL2                          21
  26                                0
  27                                0
  28                                0
  29                                0
  30                                0
  31                                0
  32 ASMASS                         0
  33 LOCAL                          4
  34 DEFAUL                         6
  35 FLUX                           0
  36 STOCHI                         0
  37 FLXDMP                         0
  38 FLXINT                         0
  39 RIOBUF                         4
  40 DISPX                          0
  41 VELX                           0
  42 VLOCX                          0
  43 DSTO                           0
  44 VSTO                           0
  45 DMPQ                           0
  46 DMPS                           0
  47 TRRAAI                         0
  48 INWRSP                        56
  49 VOLUML                         4
  50                                0
  51                                0
  52                                0
  53                                0
  54                                0
  55                                0
  56                                0
  57                                0
  58                                0
  59                                0
  60                                0
  61                                0
  62                                0
  63                                0
  64                                0
  65                                0
  66                                0
  67                                0
  68                                0
  69                                0
  70                                0
  71                                0
  72                                0
  73                                0
  74                                0
  75                                0
  76                                0
  77                                0
  78 WSTDMP                         0
  79  surface                       4
  80  wdrawal                       4
  81   mixlen                      21
  82  gm_rhs                       42
  83  gm_sol                       42
  84 gm_work                     1050
  85 gm_hess                      924
  86 gm_amat                       50
  87 gm_diag                       42
  88 gm_diac                       42
  89 gm_trid                       12
  90 flowtot                       21
  91 disptot                       21

     Total (4 byte words)        3136

  ==> INTEGER arrays 4-byte words <==
  nr array name            array size

   1 ARRPOI                       178
   2 ARRTYP                       178
   3 ARRBYT                       178
   4 ARRLEN                       178
   5 ARRKND                       178
   6 ARRDM1                       178
   7 ARRDM2                       178
   8 ARRDM3                       178
   9 IXPOIN                        84
  10 IIDUMP                         0
  11 IBPNT                         68
  12 IWAST                          0
  13 IDPNEW                         7
  14 IDPNT                          7
  15 IVPNEW                         7
  16 IVPNT                          7
  17 IHARM                          0
  18 NRHARM                        11
  19 NRFTOT                        11
  20 IPOINT                        56
  21 IP                             8
  22 LGRID                          0
  23 NSVAR                          0
  24 IFLUX                          0
  25 process_space_int              0
  26 IPSSA                          0
  27 IMODU                          0
  28 IOUTPS                        63
  29 IOPOIN                         2
  30 IKNMRK                         4
  31 IKTIM                          0
  32 IQDMP                         21
  33 ISDMP                          4
  34 IPDMP                          0
  35 IORAAI                         0
  36 NQRAAI                         0
  37 IQRAAI                         0
  38 INWISP                       201
  39 INTYPE                        17
  40 IWORK                        119
  41 ITRACE                        21
  42 IMATRX                        25
  43 IWRK                          21
  44 ISYSN                         72
  45 ISYSI                         21
  46                                0
  47                                0
  48                                0
  49                                0
  50                                0
  51                                0
  52 PROGRD                         0
  53 PRONDT                         0
  54 PRVVAR                         0
  55 PRVTYP                         0
  56 VARARR                        34
  57 VARIDX                        34
  58 VARTDA                        34
  59 VARDAG                        34
  60 VARTAG                        34
  61 VARAGG                        34
  62 VGRSET                        34
  63 GRDNOS                         1
  64 GRDREF                         1
  65 GRDSEG                         4
  66 PROREF                         0
  67 PROPNT                         0
  68 PRODON                         0
  69 DMPBAL                         0
  70                                0
  71                                0
  72 iknmkv                         4
  73 iwstkind                       0
  74 rowpnt                        22
  75     fmat                      21
  76     tmat                      21
  77 iexseg                        21
  78  isegcol                       4

     Total (4 byte words)        2618

  => CHARACTER arrays 4-byte words <=
  nr array name            array size

   1                                0
   2 MNAME                         40
   3 SNAME                         35
   4 DNAME                          0
   5 BNDID                         85
   6 BNAME                        170
   7 BNTYP                         30
   8 WASTID                         0
   9 WNAME                          0
  10 WTYPE                          0
  11 CONAM                          5
  12 PANAM                          0
  13 FUNAM                          0
  14 SFNAM                          0
  15 CGRID                          0
  16 PRNAM                          0
  17 OUNAM                         10
  18 DINAM                          0
  19 VENAM                          0
  20 DANAM                          0
  21 RANAM                          0
  22 CBUFF                         35
  23 LUNT                           0
  24 OUSNM                         50
  25 OUUNI                         20
  26 OUDSC                         30
  27 OSSNM                        175
  28 OSUNI                         70
  29 OSDSC                        105

     Total (4 byte words)         860
